1:C 11 Aug 2020 06:37:06.396 # oO0OoO0OoO0Oo Redis is starting oO0OoO0OoO0Oo
1:C 11 Aug 2020 06:37:06.396 # Redis version=6.0.6, bits=64, commit=00000000, modified=0, pid=1, just started
1:C 11 Aug 2020 06:37:06.396 # Configuration loaded
1:M 11 Aug 2020 06:37:06.396 * Running mode=standalone, port=6379.
1:M 11 Aug 2020 06:37:06.396 # WARNING: The TCP backlog setting of 511 cannot be enforced because /proc/sys/net/core/somaxconn is set to the lower value of 128.
1:M 11 Aug 2020 06:37:06.396 # Server initialized
1:M 11 Aug 2020 06:37:06.396 # WARNING overcommit_memory is set to 0! Background save may fail under low memory condition. To fix this issue add 'vm.overcommit_memory = 1' to /etc/sysctl.conf and then reboot or run the command 'sysctl vm.overcommit_memory=1' for this to take effect.
1:M 11 Aug 2020 06:37:06.396 # WARNING you have Transparent Huge Pages (THP) support enabled in your kernel. This will create latency and memory usage issues with Redis. To fix this issue run the command 'echo never > /sys/kernel/mm/transparent_hugepage/enabled' as root, and add it to your /etc/rc.local in order to retain the setting after a reboot. Redis must be restarted after THP is disabled.
1:M 11 Aug 2020 06:37:06.396 * Ready to accept connections
1:M 11 Aug 2020 06:40:21.654 * Replica 127.0.0.1:6380 asks for synchronization
1:M 11 Aug 2020 06:40:21.654 * Full resync requested by replica 127.0.0.1:6380
1:M 11 Aug 2020 06:40:21.654 * Replication backlog created, my new replication IDs are '3f2af4eaf61229e997cad16053cd2dbf622f9a88' and '0000000000000000000000000000000000000000'
1:M 11 Aug 2020 06:40:21.654 * Starting BGSAVE for SYNC with target: disk
1:M 11 Aug 2020 06:40:21.655 * Background saving started by pid 15
15:C 11 Aug 2020 06:40:21.657 * DB saved on disk
15:C 11 Aug 2020 06:40:21.657 * RDB: 2 MB of memory used by copy-on-write
1:M 11 Aug 2020 06:40:21.659 * Background saving terminated with success
1:M 11 Aug 2020 06:40:21.659 * Synchronization with replica 127.0.0.1:6380 succeeded
1:M 11 Aug 2020 06:40:35.590 # Connection with replica 127.0.0.1:6380 lost.
1:M 11 Aug 2020 06:40:44.574 * Replica 127.0.0.1:6380 asks for synchronization
1:M 11 Aug 2020 06:40:44.574 * Partial resynchronization request from 127.0.0.1:6380 accepted. Sending 859 bytes of backlog starting from offset 1.
1:M 11 Aug 2020 06:55:34.541 # Connection with replica 127.0.0.1:6380 lost.
1:signal-handler (1597128976) Received SIGTERM scheduling shutdown...
1:M 11 Aug 2020 06:56:16.807 # User requested shutdown...
1:M 11 Aug 2020 06:56:16.807 # Redis is now ready to exit, bye bye...
1:C 11 Aug 2020 06:56:31.421 # oO0OoO0OoO0Oo Redis is starting oO0OoO0OoO0Oo
1:C 11 Aug 2020 06:56:31.421 # Redis version=6.0.6, bits=64, commit=00000000, modified=0, pid=1, just started
1:C 11 Aug 2020 06:56:31.421 # Configuration loaded
1:M 11 Aug 2020 06:56:31.422 * Running mode=standalone, port=6379.
1:M 11 Aug 2020 06:56:31.422 # WARNING: The TCP backlog setting of 511 cannot be enforced because /proc/sys/net/core/somaxconn is set to the lower value of 128.
1:M 11 Aug 2020 06:56:31.422 # Server initialized
1:M 11 Aug 2020 06:56:31.422 # WARNING overcommit_memory is set to 0! Background save may fail under low memory condition. To fix this issue add 'vm.overcommit_memory = 1' to /etc/sysctl.conf and then reboot or run the command 'sysctl vm.overcommit_memory=1' for this to take effect.
1:M 11 Aug 2020 06:56:31.422 # WARNING you have Transparent Huge Pages (THP) support enabled in your kernel. This will create latency and memory usage issues with Redis. To fix this issue run the command 'echo never > /sys/kernel/mm/transparent_hugepage/enabled' as root, and add it to your /etc/rc.local in order to retain the setting after a reboot. Redis must be restarted after THP is disabled.
1:M 11 Aug 2020 06:56:31.422 * Loading RDB produced by version 6.0.6
1:M 11 Aug 2020 06:56:31.422 * RDB age 970 seconds
1:M 11 Aug 2020 06:56:31.422 * RDB memory usage when created 1.83 Mb
1:M 11 Aug 2020 06:56:31.422 * DB loaded from disk: 0.000 seconds
1:M 11 Aug 2020 06:56:31.422 * Ready to accept connections
1:M 11 Aug 2020 06:56:47.280 * Replica 127.0.0.1:6380 asks for synchronization
1:M 11 Aug 2020 06:56:47.280 * Partial resynchronization not accepted: Replication ID mismatch (Replica asked for '3f2af4eaf61229e997cad16053cd2dbf622f9a88', my replication IDs are '732325b30a33805247c5c95a16db4ab278d63bc6' and '0000000000000000000000000000000000000000')
1:M 11 Aug 2020 06:56:47.280 * Replication backlog created, my new replication IDs are 'c0668e6aaccb65026b4bfdf380f7b02d456eeba3' and '0000000000000000000000000000000000000000'
1:M 11 Aug 2020 06:56:47.280 * Starting BGSAVE for SYNC with target: disk
1:M 11 Aug 2020 06:56:47.280 * Background saving started by pid 15
15:C 11 Aug 2020 06:56:47.286 * DB saved on disk
15:C 11 Aug 2020 06:56:47.287 * RDB: 2 MB of memory used by copy-on-write
1:M 11 Aug 2020 06:56:47.349 * Background saving terminated with success
1:M 11 Aug 2020 06:56:47.350 * Synchronization with replica 127.0.0.1:6380 succeeded
1:M 11 Aug 2020 06:58:33.989 # Connection with replica 127.0.0.1:6380 lost.
1:signal-handler (1597129124) Received SIGTERM scheduling shutdown...
1:M 11 Aug 2020 06:58:44.154 # User requested shutdown...
1:M 11 Aug 2020 06:58:44.154 # Redis is now ready to exit, bye bye...
1:C 11 Aug 2020 06:59:39.418 # oO0OoO0OoO0Oo Redis is starting oO0OoO0OoO0Oo
1:C 11 Aug 2020 06:59:39.418 # Redis version=6.0.6, bits=64, commit=00000000, modified=0, pid=1, just started
1:C 11 Aug 2020 06:59:39.418 # Configuration loaded
1:M 11 Aug 2020 06:59:39.419 * Running mode=standalone, port=6379.
1:M 11 Aug 2020 06:59:39.419 # WARNING: The TCP backlog setting of 511 cannot be enforced because /proc/sys/net/core/somaxconn is set to the lower value of 128.
1:M 11 Aug 2020 06:59:39.419 # Server initialized
1:M 11 Aug 2020 06:59:39.419 # WARNING overcommit_memory is set to 0! Background save may fail under low memory condition. To fix this issue add 'vm.overcommit_memory = 1' to /etc/sysctl.conf and then reboot or run the command 'sysctl vm.overcommit_memory=1' for this to take effect.
1:M 11 Aug 2020 06:59:39.419 # WARNING you have Transparent Huge Pages (THP) support enabled in your kernel. This will create latency and memory usage issues with Redis. To fix this issue run the command 'echo never > /sys/kernel/mm/transparent_hugepage/enabled' as root, and add it to your /etc/rc.local in order to retain the setting after a reboot. Redis must be restarted after THP is disabled.
1:M 11 Aug 2020 06:59:39.419 * Loading RDB produced by version 6.0.6
1:M 11 Aug 2020 06:59:39.419 * RDB age 172 seconds
1:M 11 Aug 2020 06:59:39.419 * RDB memory usage when created 1.83 Mb
1:M 11 Aug 2020 06:59:39.419 * DB loaded from disk: 0.000 seconds
1:M 11 Aug 2020 06:59:39.419 * Ready to accept connections
1:M 11 Aug 2020 06:59:57.813 * Replica 127.0.0.1:6380 asks for synchronization
1:M 11 Aug 2020 06:59:57.813 * Partial resynchronization not accepted: Replication ID mismatch (Replica asked for 'c0668e6aaccb65026b4bfdf380f7b02d456eeba3', my replication IDs are '0822743e8409ac0cddfba2322e8320309f4bfcff' and '0000000000000000000000000000000000000000')
1:M 11 Aug 2020 06:59:57.813 * Replication backlog created, my new replication IDs are '6b158630e0ea879e22f3fde240653f14de6d8476' and '0000000000000000000000000000000000000000'
1:M 11 Aug 2020 06:59:57.813 * Starting BGSAVE for SYNC with target: disk
1:M 11 Aug 2020 06:59:57.813 * Background saving started by pid 15
15:C 11 Aug 2020 06:59:57.823 * DB saved on disk
15:C 11 Aug 2020 06:59:57.823 * RDB: 2 MB of memory used by copy-on-write
1:M 11 Aug 2020 06:59:57.854 * Background saving terminated with success
1:M 11 Aug 2020 06:59:57.854 * Synchronization with replica 127.0.0.1:6380 succeeded
1:signal-handler (1597129352) Received SIGTERM scheduling shutdown...
1:M 11 Aug 2020 07:02:32.322 # User requested shutdown...
1:M 11 Aug 2020 07:02:32.322 # Redis is now ready to exit, bye bye...
1:C 11 Aug 2020 07:05:30.258 # oO0OoO0OoO0Oo Redis is starting oO0OoO0OoO0Oo
1:C 11 Aug 2020 07:05:30.258 # Redis version=6.0.6, bits=64, commit=00000000, modified=0, pid=1, just started
1:C 11 Aug 2020 07:05:30.258 # Configuration loaded
1:M 11 Aug 2020 07:05:30.259 * Running mode=standalone, port=6379.
1:M 11 Aug 2020 07:05:30.259 # WARNING: The TCP backlog setting of 511 cannot be enforced because /proc/sys/net/core/somaxconn is set to the lower value of 128.
1:M 11 Aug 2020 07:05:30.259 # Server initialized
1:M 11 Aug 2020 07:05:30.259 # WARNING overcommit_memory is set to 0! Background save may fail under low memory condition. To fix this issue add 'vm.overcommit_memory = 1' to /etc/sysctl.conf and then reboot or run the command 'sysctl vm.overcommit_memory=1' for this to take effect.
1:M 11 Aug 2020 07:05:30.259 # WARNING you have Transparent Huge Pages (THP) support enabled in your kernel. This will create latency and memory usage issues with Redis. To fix this issue run the command 'echo never > /sys/kernel/mm/transparent_hugepage/enabled' as root, and add it to your /etc/rc.local in order to retain the setting after a reboot. Redis must be restarted after THP is disabled.
1:M 11 Aug 2020 07:05:30.259 * Loading RDB produced by version 6.0.6
1:M 11 Aug 2020 07:05:30.259 * RDB age 333 seconds
1:M 11 Aug 2020 07:05:30.259 * RDB memory usage when created 1.83 Mb
1:M 11 Aug 2020 07:05:30.259 * DB loaded from disk: 0.000 seconds
1:M 11 Aug 2020 07:05:30.259 * Ready to accept connections
1:M 11 Aug 2020 07:05:31.006 * Replica 127.0.0.1:6380 asks for synchronization
1:M 11 Aug 2020 07:05:31.006 * Partial resynchronization not accepted: Replication ID mismatch (Replica asked for '6b158630e0ea879e22f3fde240653f14de6d8476', my replication IDs are 'fa30f77e8af5d7b6c7648548a691fc4f57205bfb' and '0000000000000000000000000000000000000000')
1:M 11 Aug 2020 07:05:31.006 * Replication backlog created, my new replication IDs are 'b53ff2a09da0250a15db8a2ac19ab5879591956e' and '0000000000000000000000000000000000000000'
1:M 11 Aug 2020 07:05:31.006 * Starting BGSAVE for SYNC with target: disk
1:M 11 Aug 2020 07:05:31.006 * Background saving started by pid 15
15:C 11 Aug 2020 07:05:31.010 * DB saved on disk
15:C 11 Aug 2020 07:05:31.011 * RDB: 2 MB of memory used by copy-on-write
1:M 11 Aug 2020 07:05:31.063 * Background saving terminated with success
1:M 11 Aug 2020 07:05:31.063 * Synchronization with replica 127.0.0.1:6380 succeeded
1:signal-handler (1597130242) Received SIGTERM scheduling shutdown...
1:M 11 Aug 2020 07:17:22.589 # User requested shutdown...
1:M 11 Aug 2020 07:17:22.589 # Redis is now ready to exit, bye bye...
1:C 11 Aug 2020 07:28:55.344 # oO0OoO0OoO0Oo Redis is starting oO0OoO0OoO0Oo
1:C 11 Aug 2020 07:28:55.344 # Redis version=6.0.6, bits=64, commit=00000000, modified=0, pid=1, just started
1:C 11 Aug 2020 07:28:55.344 # Configuration loaded
1:M 11 Aug 2020 07:28:55.345 * Running mode=standalone, port=6379.
1:M 11 Aug 2020 07:28:55.345 # WARNING: The TCP backlog setting of 511 cannot be enforced because /proc/sys/net/core/somaxconn is set to the lower value of 128.
1:M 11 Aug 2020 07:28:55.345 # Server initialized
1:M 11 Aug 2020 07:28:55.345 # WARNING overcommit_memory is set to 0! Background save may fail under low memory condition. To fix this issue add 'vm.overcommit_memory = 1' to /etc/sysctl.conf and then reboot or run the command 'sysctl vm.overcommit_memory=1' for this to take effect.
1:M 11 Aug 2020 07:28:55.345 # WARNING you have Transparent Huge Pages (THP) support enabled in your kernel. This will create latency and memory usage issues with Redis. To fix this issue run the command 'echo never > /sys/kernel/mm/transparent_hugepage/enabled' as root, and add it to your /etc/rc.local in order to retain the setting after a reboot. Redis must be restarted after THP is disabled.
1:M 11 Aug 2020 07:28:55.345 * Loading RDB produced by version 6.0.6
1:M 11 Aug 2020 07:28:55.345 * RDB age 1404 seconds
1:M 11 Aug 2020 07:28:55.345 * RDB memory usage when created 1.82 Mb
1:M 11 Aug 2020 07:28:55.345 * DB loaded from disk: 0.000 seconds
1:M 11 Aug 2020 07:28:55.345 * Ready to accept connections
1:signal-handler (1597130943) Received SIGTERM scheduling shutdown...
1:M 11 Aug 2020 07:29:03.161 # User requested shutdown...
1:M 11 Aug 2020 07:29:03.161 # Redis is now ready to exit, bye bye...
1:C 11 Aug 2020 07:29:47.122 # oO0OoO0OoO0Oo Redis is starting oO0OoO0OoO0Oo
1:C 11 Aug 2020 07:29:47.122 # Redis version=6.0.6, bits=64, commit=00000000, modified=0, pid=1, just started
1:C 11 Aug 2020 07:29:47.122 # Configuration loaded
1:M 11 Aug 2020 07:29:47.123 * Running mode=standalone, port=6379.
1:M 11 Aug 2020 07:29:47.123 # WARNING: The TCP backlog setting of 511 cannot be enforced because /proc/sys/net/core/somaxconn is set to the lower value of 128.
1:M 11 Aug 2020 07:29:47.123 # Server initialized
1:M 11 Aug 2020 07:29:47.123 # WARNING overcommit_memory is set to 0! Background save may fail under low memory condition. To fix this issue add 'vm.overcommit_memory = 1' to /etc/sysctl.conf and then reboot or run the command 'sysctl vm.overcommit_memory=1' for this to take effect.
1:M 11 Aug 2020 07:29:47.123 # WARNING you have Transparent Huge Pages (THP) support enabled in your kernel. This will create latency and memory usage issues with Redis. To fix this issue run the command 'echo never > /sys/kernel/mm/transparent_hugepage/enabled' as root, and add it to your /etc/rc.local in order to retain the setting after a reboot. Redis must be restarted after THP is disabled.
1:M 11 Aug 2020 07:29:47.123 * Loading RDB produced by version 6.0.6
1:M 11 Aug 2020 07:29:47.123 * RDB age 1456 seconds
1:M 11 Aug 2020 07:29:47.123 * RDB memory usage when created 1.82 Mb
1:M 11 Aug 2020 07:29:47.123 * DB loaded from disk: 0.000 seconds
1:M 11 Aug 2020 07:29:47.123 * Ready to accept connections
1:M 11 Aug 2020 07:29:48.104 * Replica 127.0.0.1:6380 asks for synchronization
1:M 11 Aug 2020 07:29:48.104 * Partial resynchronization not accepted: Replication ID mismatch (Replica asked for 'b53ff2a09da0250a15db8a2ac19ab5879591956e', my replication IDs are 'd7af4481c7ff331c043a39c41b4dbf05198e3fc3' and '0000000000000000000000000000000000000000')
1:M 11 Aug 2020 07:29:48.104 * Replication backlog created, my new replication IDs are '11e357eb5c38b77e02fca551126950dcad1f5a50' and '0000000000000000000000000000000000000000'
1:M 11 Aug 2020 07:29:48.104 * Starting BGSAVE for SYNC with target: disk
1:M 11 Aug 2020 07:29:48.104 * Background saving started by pid 15
15:C 11 Aug 2020 07:29:48.108 * DB saved on disk
15:C 11 Aug 2020 07:29:48.108 * RDB: 2 MB of memory used by copy-on-write
1:M 11 Aug 2020 07:29:48.126 * Background saving terminated with success
1:M 11 Aug 2020 07:29:48.126 * Synchronization with replica 127.0.0.1:6380 succeeded
